{"/Users/sebavidal/Downloads/ayudantia-bcrypt-y-jwt/server.js": {"path":"/Users/sebavidal/Downloads/ayudantia-bcrypt-y-jwt/server.js","statementMap":{"0":{"start":{"line":1,"column":0},"end":{"line":1,"column":27}},"1":{"start":{"line":2,"column":16},"end":{"line":2,"column":34}},"2":{"start":{"line":3,"column":13},"end":{"line":3,"column":28}},"3":{"start":{"line":5,"column":19},"end":{"line":5,"column":53}},"4":{"start":{"line":6,"column":19},"end":{"line":6,"column":53}},"5":{"start":{"line":7,"column":19},"end":{"line":7,"column":53}},"6":{"start":{"line":9,"column":12},"end":{"line":9,"column":21}},"7":{"start":{"line":11,"column":0},"end":{"line":11,"column":16}},"8":{"start":{"line":12,"column":0},"end":{"line":12,"column":24}},"9":{"start":{"line":13,"column":13},"end":{"line":13,"column":37}},"10":{"start":{"line":15,"column":0},"end":{"line":17,"column":3}},"11":{"start":{"line":16,"column":2},"end":{"line":16,"column":55}},"12":{"start":{"line":20,"column":0},"end":{"line":22,"column":3}},"13":{"start":{"line":21,"column":2},"end":{"line":21,"column":23}},"14":{"start":{"line":24,"column":0},"end":{"line":24,"column":30}},"15":{"start":{"line":25,"column":0},"end":{"line":25,"column":30}},"16":{"start":{"line":26,"column":0},"end":{"line":26,"column":29}},"17":{"start":{"line":28,"column":0},"end":{"line":28,"column":21}}},"fnMap":{"0":{"name":"(anonymous_0)","decl":{"start":{"line":15,"column":17},"end":{"line":15,"column":18}},"loc":{"start":{"line":15,"column":23},"end":{"line":17,"column":1}},"line":15},"1":{"name":"(anonymous_1)","decl":{"start":{"line":20,"column":13},"end":{"line":20,"column":14}},"loc":{"start":{"line":20,"column":27},"end":{"line":22,"column":1}},"line":20}},"branchMap":{"0":{"loc":{"start":{"line":13,"column":13},"end":{"line":13,"column":37}},"type":"binary-expr","locations":[{"start":{"line":13,"column":13},"end":{"line":13,"column":29}},{"start":{"line":13,"column":33},"end":{"line":13,"column":37}}],"line":13}},"s":{"0":1,"1":1,"2":1,"3":1,"4":1,"5":1,"6":1,"7":1,"8":1,"9":1,"10":1,"11":1,"12":1,"13":0,"14":1,"15":1,"16":1,"17":1},"f":{"0":1,"1":0},"b":{"0":[1,0]},"_coverageSchema":"1a1c01bbd47fc00a2c39e90264f33305004495a9","hash":"e3755e80b9515e0572c6e91402192122327b313a"}
,"/Users/sebavidal/Downloads/ayudantia-bcrypt-y-jwt/src/config/db.js": {"path":"/Users/sebavidal/Downloads/ayudantia-bcrypt-y-jwt/src/config/db.js","statementMap":{"0":{"start":{"line":1,"column":17},"end":{"line":1,"column":30}},"1":{"start":{"line":3,"column":13},"end":{"line":8,"column":2}},"2":{"start":{"line":10,"column":0},"end":{"line":10,"column":22}}},"fnMap":{},"branchMap":{},"s":{"0":1,"1":1,"2":1},"f":{},"b":{},"_coverageSchema":"1a1c01bbd47fc00a2c39e90264f33305004495a9","hash":"b078316cde1cf3459360fbbed573981e526b0578"}
,"/Users/sebavidal/Downloads/ayudantia-bcrypt-y-jwt/src/controllers/authController.js": {"path":"/Users/sebavidal/Downloads/ayudantia-bcrypt-y-jwt/src/controllers/authController.js","statementMap":{"0":{"start":{"line":1,"column":15},"end":{"line":1,"column":32}},"1":{"start":{"line":2,"column":12},"end":{"line":2,"column":35}},"2":{"start":{"line":3,"column":38},"end":{"line":3,"column":64}},"3":{"start":{"line":5,"column":14},"end":{"line":32,"column":1}},"4":{"start":{"line":6,"column":2},"end":{"line":31,"column":3}},"5":{"start":{"line":7,"column":31},"end":{"line":7,"column":39}},"6":{"start":{"line":9,"column":17},"end":{"line":9,"column":42}},"7":{"start":{"line":11,"column":4},"end":{"line":13,"column":5}},"8":{"start":{"line":12,"column":6},"end":{"line":12,"column":47}},"9":{"start":{"line":15,"column":27},"end":{"line":15,"column":43}},"10":{"start":{"line":16,"column":18},"end":{"line":16,"column":64}},"11":{"start":{"line":18,"column":4},"end":{"line":28,"column":5}},"12":{"start":{"line":19,"column":20},"end":{"line":22,"column":7}},"13":{"start":{"line":23,"column":6},"end":{"line":25,"column":68}},"14":{"start":{"line":27,"column":6},"end":{"line":27,"column":58}},"15":{"start":{"line":30,"column":4},"end":{"line":30,"column":51}},"16":{"start":{"line":34,"column":17},"end":{"line":48,"column":1}},"17":{"start":{"line":35,"column":2},"end":{"line":47,"column":3}},"18":{"start":{"line":36,"column":29},"end":{"line":36,"column":46}},"19":{"start":{"line":37,"column":27},"end":{"line":37,"column":66}},"20":{"start":{"line":38,"column":4},"end":{"line":38,"column":39}},"21":{"start":{"line":40,"column":17},"end":{"line":40,"column":43}},"22":{"start":{"line":41,"column":4},"end":{"line":43,"column":5}},"23":{"start":{"line":42,"column":6},"end":{"line":42,"column":53}},"24":{"start":{"line":44,"column":4},"end":{"line":44,"column":19}},"25":{"start":{"line":46,"column":4},"end":{"line":46,"column":51}},"26":{"start":{"line":50,"column":0},"end":{"line":53,"column":2}}},"fnMap":{"0":{"name":"(anonymous_0)","decl":{"start":{"line":5,"column":14},"end":{"line":5,"column":15}},"loc":{"start":{"line":5,"column":34},"end":{"line":32,"column":1}},"line":5},"1":{"name":"(anonymous_1)","decl":{"start":{"line":34,"column":17},"end":{"line":34,"column":18}},"loc":{"start":{"line":34,"column":37},"end":{"line":48,"column":1}},"line":34}},"branchMap":{"0":{"loc":{"start":{"line":11,"column":4},"end":{"line":13,"column":5}},"type":"if","locations":[{"start":{"line":11,"column":4},"end":{"line":13,"column":5}},{"start":{},"end":{}}],"line":11},"1":{"loc":{"start":{"line":18,"column":4},"end":{"line":28,"column":5}},"type":"if","locations":[{"start":{"line":18,"column":4},"end":{"line":28,"column":5}},{"start":{"line":26,"column":11},"end":{"line":28,"column":5}}],"line":18},"2":{"loc":{"start":{"line":41,"column":4},"end":{"line":43,"column":5}},"type":"if","locations":[{"start":{"line":41,"column":4},"end":{"line":43,"column":5}},{"start":{},"end":{}}],"line":41}},"s":{"0":1,"1":1,"2":1,"3":1,"4":2,"5":2,"6":2,"7":2,"8":0,"9":2,"10":2,"11":2,"12":1,"13":1,"14":1,"15":1,"16":1,"17":0,"18":0,"19":0,"20":0,"21":0,"22":0,"23":0,"24":0,"25":0,"26":1},"f":{"0":2,"1":0},"b":{"0":[0,2],"1":[1,1],"2":[0,0]},"_coverageSchema":"1a1c01bbd47fc00a2c39e90264f33305004495a9","hash":"b416d3f4d28745b9def25cc3a036d3571766f37c"}
,"/Users/sebavidal/Downloads/ayudantia-bcrypt-y-jwt/src/controllers/postController.js": {"path":"/Users/sebavidal/Downloads/ayudantia-bcrypt-y-jwt/src/controllers/postController.js","statementMap":{"0":{"start":{"line":7,"column":4},"end":{"line":7,"column":30}},"1":{"start":{"line":9,"column":12},"end":{"line":16,"column":1}},"2":{"start":{"line":10,"column":2},"end":{"line":15,"column":3}},"3":{"start":{"line":11,"column":18},"end":{"line":11,"column":34}},"4":{"start":{"line":12,"column":4},"end":{"line":12,"column":20}},"5":{"start":{"line":14,"column":4},"end":{"line":14,"column":51}},"6":{"start":{"line":18,"column":12},"end":{"line":25,"column":1}},"7":{"start":{"line":19,"column":2},"end":{"line":24,"column":3}},"8":{"start":{"line":20,"column":17},"end":{"line":20,"column":49}},"9":{"start":{"line":21,"column":4},"end":{"line":21,"column":19}},"10":{"start":{"line":23,"column":4},"end":{"line":23,"column":51}},"11":{"start":{"line":27,"column":15},"end":{"line":34,"column":1}},"12":{"start":{"line":28,"column":2},"end":{"line":33,"column":3}},"13":{"start":{"line":29,"column":17},"end":{"line":29,"column":43}},"14":{"start":{"line":30,"column":4},"end":{"line":30,"column":19}},"15":{"start":{"line":32,"column":4},"end":{"line":32,"column":51}},"16":{"start":{"line":36,"column":15},"end":{"line":43,"column":1}},"17":{"start":{"line":37,"column":2},"end":{"line":42,"column":3}},"18":{"start":{"line":38,"column":17},"end":{"line":38,"column":58}},"19":{"start":{"line":39,"column":4},"end":{"line":39,"column":19}},"20":{"start":{"line":41,"column":4},"end":{"line":41,"column":51}},"21":{"start":{"line":45,"column":16},"end":{"line":52,"column":1}},"22":{"start":{"line":46,"column":2},"end":{"line":51,"column":3}},"23":{"start":{"line":47,"column":17},"end":{"line":47,"column":48}},"24":{"start":{"line":48,"column":4},"end":{"line":48,"column":19}},"25":{"start":{"line":50,"column":4},"end":{"line":50,"column":51}},"26":{"start":{"line":54,"column":0},"end":{"line":60,"column":2}}},"fnMap":{"0":{"name":"(anonymous_0)","decl":{"start":{"line":9,"column":12},"end":{"line":9,"column":13}},"loc":{"start":{"line":9,"column":32},"end":{"line":16,"column":1}},"line":9},"1":{"name":"(anonymous_1)","decl":{"start":{"line":18,"column":12},"end":{"line":18,"column":13}},"loc":{"start":{"line":18,"column":32},"end":{"line":25,"column":1}},"line":18},"2":{"name":"(anonymous_2)","decl":{"start":{"line":27,"column":15},"end":{"line":27,"column":16}},"loc":{"start":{"line":27,"column":35},"end":{"line":34,"column":1}},"line":27},"3":{"name":"(anonymous_3)","decl":{"start":{"line":36,"column":15},"end":{"line":36,"column":16}},"loc":{"start":{"line":36,"column":35},"end":{"line":43,"column":1}},"line":36},"4":{"name":"(anonymous_4)","decl":{"start":{"line":45,"column":16},"end":{"line":45,"column":17}},"loc":{"start":{"line":45,"column":36},"end":{"line":52,"column":1}},"line":45}},"branchMap":{},"s":{"0":1,"1":1,"2":0,"3":0,"4":0,"5":0,"6":1,"7":0,"8":0,"9":0,"10":0,"11":1,"12":0,"13":0,"14":0,"15":0,"16":1,"17":0,"18":0,"19":0,"20":0,"21":1,"22":0,"23":0,"24":0,"25":0,"26":1},"f":{"0":0,"1":0,"2":0,"3":0,"4":0},"b":{},"_coverageSchema":"1a1c01bbd47fc00a2c39e90264f33305004495a9","hash":"2d8a6eff086dd0c90c4629c776a72b289dcbc32e"}
,"/Users/sebavidal/Downloads/ayudantia-bcrypt-y-jwt/src/controllers/userController.js": {"path":"/Users/sebavidal/Downloads/ayudantia-bcrypt-y-jwt/src/controllers/userController.js","statementMap":{"0":{"start":{"line":7,"column":4},"end":{"line":7,"column":30}},"1":{"start":{"line":9,"column":12},"end":{"line":16,"column":1}},"2":{"start":{"line":10,"column":2},"end":{"line":15,"column":3}},"3":{"start":{"line":11,"column":18},"end":{"line":11,"column":34}},"4":{"start":{"line":12,"column":4},"end":{"line":12,"column":20}},"5":{"start":{"line":14,"column":4},"end":{"line":14,"column":51}},"6":{"start":{"line":18,"column":12},"end":{"line":25,"column":1}},"7":{"start":{"line":19,"column":2},"end":{"line":24,"column":3}},"8":{"start":{"line":20,"column":17},"end":{"line":20,"column":49}},"9":{"start":{"line":21,"column":4},"end":{"line":21,"column":19}},"10":{"start":{"line":23,"column":4},"end":{"line":23,"column":51}},"11":{"start":{"line":27,"column":15},"end":{"line":34,"column":1}},"12":{"start":{"line":28,"column":2},"end":{"line":33,"column":3}},"13":{"start":{"line":29,"column":17},"end":{"line":29,"column":43}},"14":{"start":{"line":30,"column":4},"end":{"line":30,"column":19}},"15":{"start":{"line":32,"column":4},"end":{"line":32,"column":51}},"16":{"start":{"line":36,"column":15},"end":{"line":43,"column":1}},"17":{"start":{"line":37,"column":2},"end":{"line":42,"column":3}},"18":{"start":{"line":38,"column":17},"end":{"line":38,"column":58}},"19":{"start":{"line":39,"column":4},"end":{"line":39,"column":19}},"20":{"start":{"line":41,"column":4},"end":{"line":41,"column":51}},"21":{"start":{"line":45,"column":16},"end":{"line":52,"column":1}},"22":{"start":{"line":46,"column":2},"end":{"line":51,"column":3}},"23":{"start":{"line":47,"column":17},"end":{"line":47,"column":48}},"24":{"start":{"line":48,"column":4},"end":{"line":48,"column":19}},"25":{"start":{"line":50,"column":4},"end":{"line":50,"column":51}},"26":{"start":{"line":54,"column":0},"end":{"line":60,"column":2}}},"fnMap":{"0":{"name":"(anonymous_0)","decl":{"start":{"line":9,"column":12},"end":{"line":9,"column":13}},"loc":{"start":{"line":9,"column":32},"end":{"line":16,"column":1}},"line":9},"1":{"name":"(anonymous_1)","decl":{"start":{"line":18,"column":12},"end":{"line":18,"column":13}},"loc":{"start":{"line":18,"column":32},"end":{"line":25,"column":1}},"line":18},"2":{"name":"(anonymous_2)","decl":{"start":{"line":27,"column":15},"end":{"line":27,"column":16}},"loc":{"start":{"line":27,"column":35},"end":{"line":34,"column":1}},"line":27},"3":{"name":"(anonymous_3)","decl":{"start":{"line":36,"column":15},"end":{"line":36,"column":16}},"loc":{"start":{"line":36,"column":35},"end":{"line":43,"column":1}},"line":36},"4":{"name":"(anonymous_4)","decl":{"start":{"line":45,"column":16},"end":{"line":45,"column":17}},"loc":{"start":{"line":45,"column":36},"end":{"line":52,"column":1}},"line":45}},"branchMap":{},"s":{"0":1,"1":1,"2":0,"3":0,"4":0,"5":0,"6":1,"7":0,"8":0,"9":0,"10":0,"11":1,"12":0,"13":0,"14":0,"15":0,"16":1,"17":0,"18":0,"19":0,"20":0,"21":1,"22":0,"23":0,"24":0,"25":0,"26":1},"f":{"0":0,"1":0,"2":0,"3":0,"4":0},"b":{},"_coverageSchema":"1a1c01bbd47fc00a2c39e90264f33305004495a9","hash":"e596bbccd9c676e94c963eb5c53a66f616f4ec71"}
,"/Users/sebavidal/Downloads/ayudantia-bcrypt-y-jwt/src/middlewares/isAuth.middleware.js": {"path":"/Users/sebavidal/Downloads/ayudantia-bcrypt-y-jwt/src/middlewares/isAuth.middleware.js","statementMap":{"0":{"start":{"line":1,"column":12},"end":{"line":1,"column":35}},"1":{"start":{"line":3,"column":15},"end":{"line":20,"column":1}},"2":{"start":{"line":4,"column":2},"end":{"line":19,"column":3}},"3":{"start":{"line":5,"column":4},"end":{"line":6,"column":70}},"4":{"start":{"line":6,"column":6},"end":{"line":6,"column":70}},"5":{"start":{"line":8,"column":18},"end":{"line":8,"column":57}},"6":{"start":{"line":9,"column":20},"end":{"line":9,"column":61}},"7":{"start":{"line":11,"column":4},"end":{"line":13,"column":5}},"8":{"start":{"line":12,"column":6},"end":{"line":12,"column":70}},"9":{"start":{"line":15,"column":4},"end":{"line":15,"column":34}},"10":{"start":{"line":16,"column":4},"end":{"line":16,"column":11}},"11":{"start":{"line":18,"column":4},"end":{"line":18,"column":51}},"12":{"start":{"line":22,"column":0},"end":{"line":22,"column":28}}},"fnMap":{"0":{"name":"(anonymous_0)","decl":{"start":{"line":3,"column":15},"end":{"line":3,"column":16}},"loc":{"start":{"line":3,"column":35},"end":{"line":20,"column":1}},"line":3}},"branchMap":{"0":{"loc":{"start":{"line":5,"column":4},"end":{"line":6,"column":70}},"type":"if","locations":[{"start":{"line":5,"column":4},"end":{"line":6,"column":70}},{"start":{},"end":{}}],"line":5},"1":{"loc":{"start":{"line":11,"column":4},"end":{"line":13,"column":5}},"type":"if","locations":[{"start":{"line":11,"column":4},"end":{"line":13,"column":5}},{"start":{},"end":{}}],"line":11}},"s":{"0":1,"1":1,"2":0,"3":0,"4":0,"5":0,"6":0,"7":0,"8":0,"9":0,"10":0,"11":0,"12":1},"f":{"0":0},"b":{"0":[0,0],"1":[0,0]},"_coverageSchema":"1a1c01bbd47fc00a2c39e90264f33305004495a9","hash":"40eeb3403df21a6b2411c1293aee4c725a94e087"}
,"/Users/sebavidal/Downloads/ayudantia-bcrypt-y-jwt/src/models/posts.js": {"path":"/Users/sebavidal/Downloads/ayudantia-bcrypt-y-jwt/src/models/posts.js","statementMap":{"0":{"start":{"line":1,"column":13},"end":{"line":1,"column":36}},"1":{"start":{"line":3,"column":17},"end":{"line":11,"column":1}},"2":{"start":{"line":4,"column":16},"end":{"line":4,"column":37}},"3":{"start":{"line":5,"column":2},"end":{"line":10,"column":3}},"4":{"start":{"line":6,"column":21},"end":{"line":6,"column":44}},"5":{"start":{"line":7,"column":4},"end":{"line":7,"column":16}},"6":{"start":{"line":9,"column":4},"end":{"line":9,"column":27}},"7":{"start":{"line":13,"column":20},"end":{"line":21,"column":1}},"8":{"start":{"line":14,"column":16},"end":{"line":14,"column":51}},"9":{"start":{"line":15,"column":2},"end":{"line":20,"column":3}},"10":{"start":{"line":16,"column":21},"end":{"line":16,"column":50}},"11":{"start":{"line":17,"column":4},"end":{"line":17,"column":25}},"12":{"start":{"line":19,"column":4},"end":{"line":19,"column":27}},"13":{"start":{"line":23,"column":19},"end":{"line":37,"column":1}},"14":{"start":{"line":25,"column":4},"end":{"line":25,"column":81}},"15":{"start":{"line":27,"column":2},"end":{"line":36,"column":3}},"16":{"start":{"line":28,"column":21},"end":{"line":32,"column":6}},"17":{"start":{"line":33,"column":4},"end":{"line":33,"column":25}},"18":{"start":{"line":35,"column":4},"end":{"line":35,"column":27}},"19":{"start":{"line":39,"column":19},"end":{"line":49,"column":1}},"20":{"start":{"line":41,"column":4},"end":{"line":41,"column":73}},"21":{"start":{"line":43,"column":2},"end":{"line":48,"column":3}},"22":{"start":{"line":44,"column":21},"end":{"line":44,"column":76}},"23":{"start":{"line":45,"column":4},"end":{"line":45,"column":25}},"24":{"start":{"line":47,"column":4},"end":{"line":47,"column":27}},"25":{"start":{"line":51,"column":19},"end":{"line":60,"column":1}},"26":{"start":{"line":52,"column":16},"end":{"line":52,"column":49}},"27":{"start":{"line":54,"column":2},"end":{"line":59,"column":3}},"28":{"start":{"line":55,"column":21},"end":{"line":55,"column":50}},"29":{"start":{"line":56,"column":4},"end":{"line":56,"column":25}},"30":{"start":{"line":58,"column":4},"end":{"line":58,"column":27}},"31":{"start":{"line":62,"column":0},"end":{"line":68,"column":2}}},"fnMap":{"0":{"name":"(anonymous_0)","decl":{"start":{"line":3,"column":17},"end":{"line":3,"column":18}},"loc":{"start":{"line":3,"column":29},"end":{"line":11,"column":1}},"line":3},"1":{"name":"(anonymous_1)","decl":{"start":{"line":13,"column":20},"end":{"line":13,"column":21}},"loc":{"start":{"line":13,"column":34},"end":{"line":21,"column":1}},"line":13},"2":{"name":"(anonymous_2)","decl":{"start":{"line":23,"column":19},"end":{"line":23,"column":20}},"loc":{"start":{"line":23,"column":35},"end":{"line":37,"column":1}},"line":23},"3":{"name":"(anonymous_3)","decl":{"start":{"line":39,"column":19},"end":{"line":39,"column":20}},"loc":{"start":{"line":39,"column":39},"end":{"line":49,"column":1}},"line":39},"4":{"name":"(anonymous_4)","decl":{"start":{"line":51,"column":19},"end":{"line":51,"column":20}},"loc":{"start":{"line":51,"column":33},"end":{"line":60,"column":1}},"line":51}},"branchMap":{},"s":{"0":1,"1":1,"2":0,"3":0,"4":0,"5":0,"6":0,"7":1,"8":0,"9":0,"10":0,"11":0,"12":0,"13":1,"14":0,"15":0,"16":0,"17":0,"18":0,"19":1,"20":0,"21":0,"22":0,"23":0,"24":0,"25":1,"26":0,"27":0,"28":0,"29":0,"30":0,"31":1},"f":{"0":0,"1":0,"2":0,"3":0,"4":0},"b":{},"_coverageSchema":"1a1c01bbd47fc00a2c39e90264f33305004495a9","hash":"e9147b5f92f5dda1babc2974f80c73479d6f3a46"}
,"/Users/sebavidal/Downloads/ayudantia-bcrypt-y-jwt/src/models/users.js": {"path":"/Users/sebavidal/Downloads/ayudantia-bcrypt-y-jwt/src/models/users.js","statementMap":{"0":{"start":{"line":1,"column":13},"end":{"line":1,"column":36}},"1":{"start":{"line":3,"column":17},"end":{"line":11,"column":1}},"2":{"start":{"line":4,"column":16},"end":{"line":4,"column":37}},"3":{"start":{"line":5,"column":2},"end":{"line":10,"column":3}},"4":{"start":{"line":6,"column":21},"end":{"line":6,"column":44}},"5":{"start":{"line":7,"column":4},"end":{"line":7,"column":16}},"6":{"start":{"line":9,"column":4},"end":{"line":9,"column":27}},"7":{"start":{"line":13,"column":20},"end":{"line":21,"column":1}},"8":{"start":{"line":14,"column":16},"end":{"line":14,"column":51}},"9":{"start":{"line":15,"column":2},"end":{"line":20,"column":3}},"10":{"start":{"line":16,"column":21},"end":{"line":16,"column":50}},"11":{"start":{"line":17,"column":4},"end":{"line":17,"column":25}},"12":{"start":{"line":19,"column":4},"end":{"line":19,"column":27}},"13":{"start":{"line":23,"column":19},"end":{"line":32,"column":1}},"14":{"start":{"line":25,"column":4},"end":{"line":25,"column":68}},"15":{"start":{"line":26,"column":2},"end":{"line":31,"column":3}},"16":{"start":{"line":27,"column":21},"end":{"line":27,"column":72}},"17":{"start":{"line":28,"column":4},"end":{"line":28,"column":25}},"18":{"start":{"line":30,"column":4},"end":{"line":30,"column":27}},"19":{"start":{"line":34,"column":19},"end":{"line":43,"column":1}},"20":{"start":{"line":36,"column":4},"end":{"line":36,"column":73}},"21":{"start":{"line":37,"column":2},"end":{"line":42,"column":3}},"22":{"start":{"line":38,"column":21},"end":{"line":38,"column":76}},"23":{"start":{"line":39,"column":4},"end":{"line":39,"column":25}},"24":{"start":{"line":41,"column":4},"end":{"line":41,"column":27}},"25":{"start":{"line":45,"column":19},"end":{"line":53,"column":1}},"26":{"start":{"line":46,"column":16},"end":{"line":46,"column":49}},"27":{"start":{"line":47,"column":2},"end":{"line":52,"column":3}},"28":{"start":{"line":48,"column":21},"end":{"line":48,"column":50}},"29":{"start":{"line":49,"column":4},"end":{"line":49,"column":25}},"30":{"start":{"line":51,"column":4},"end":{"line":51,"column":27}},"31":{"start":{"line":55,"column":22},"end":{"line":63,"column":1}},"32":{"start":{"line":56,"column":16},"end":{"line":56,"column":53}},"33":{"start":{"line":57,"column":2},"end":{"line":62,"column":3}},"34":{"start":{"line":58,"column":21},"end":{"line":58,"column":52}},"35":{"start":{"line":59,"column":4},"end":{"line":59,"column":25}},"36":{"start":{"line":61,"column":4},"end":{"line":61,"column":27}},"37":{"start":{"line":65,"column":0},"end":{"line":72,"column":2}}},"fnMap":{"0":{"name":"(anonymous_0)","decl":{"start":{"line":3,"column":17},"end":{"line":3,"column":18}},"loc":{"start":{"line":3,"column":29},"end":{"line":11,"column":1}},"line":3},"1":{"name":"(anonymous_1)","decl":{"start":{"line":13,"column":20},"end":{"line":13,"column":21}},"loc":{"start":{"line":13,"column":34},"end":{"line":21,"column":1}},"line":13},"2":{"name":"(anonymous_2)","decl":{"start":{"line":23,"column":19},"end":{"line":23,"column":20}},"loc":{"start":{"line":23,"column":35},"end":{"line":32,"column":1}},"line":23},"3":{"name":"(anonymous_3)","decl":{"start":{"line":34,"column":19},"end":{"line":34,"column":20}},"loc":{"start":{"line":34,"column":39},"end":{"line":43,"column":1}},"line":34},"4":{"name":"(anonymous_4)","decl":{"start":{"line":45,"column":19},"end":{"line":45,"column":20}},"loc":{"start":{"line":45,"column":33},"end":{"line":53,"column":1}},"line":45},"5":{"name":"(anonymous_5)","decl":{"start":{"line":55,"column":22},"end":{"line":55,"column":23}},"loc":{"start":{"line":55,"column":38},"end":{"line":63,"column":1}},"line":55}},"branchMap":{},"s":{"0":1,"1":1,"2":0,"3":0,"4":0,"5":0,"6":0,"7":1,"8":0,"9":0,"10":0,"11":0,"12":0,"13":1,"14":0,"15":0,"16":0,"17":0,"18":0,"19":1,"20":0,"21":0,"22":0,"23":0,"24":0,"25":1,"26":0,"27":0,"28":0,"29":0,"30":0,"31":1,"32":2,"33":2,"34":2,"35":2,"36":0,"37":1},"f":{"0":0,"1":0,"2":0,"3":0,"4":0,"5":2},"b":{},"_coverageSchema":"1a1c01bbd47fc00a2c39e90264f33305004495a9","hash":"6e122d1c9dfb9664fcbe509dbe67b2fd6fa6f36d"}
,"/Users/sebavidal/Downloads/ayudantia-bcrypt-y-jwt/src/routes/authRoutes.js": {"path":"/Users/sebavidal/Downloads/ayudantia-bcrypt-y-jwt/src/routes/authRoutes.js","statementMap":{"0":{"start":{"line":1,"column":15},"end":{"line":1,"column":42}},"1":{"start":{"line":2,"column":23},"end":{"line":2,"column":63}},"2":{"start":{"line":4,"column":0},"end":{"line":4,"column":50}},"3":{"start":{"line":5,"column":0},"end":{"line":5,"column":44}},"4":{"start":{"line":7,"column":0},"end":{"line":7,"column":24}}},"fnMap":{},"branchMap":{},"s":{"0":1,"1":1,"2":1,"3":1,"4":1},"f":{},"b":{},"_coverageSchema":"1a1c01bbd47fc00a2c39e90264f33305004495a9","hash":"19a0f049004686928b4cf35365e4b428f3a43bde"}
,"/Users/sebavidal/Downloads/ayudantia-bcrypt-y-jwt/src/routes/postRoutes.js": {"path":"/Users/sebavidal/Downloads/ayudantia-bcrypt-y-jwt/src/routes/postRoutes.js","statementMap":{"0":{"start":{"line":1,"column":15},"end":{"line":1,"column":42}},"1":{"start":{"line":2,"column":19},"end":{"line":2,"column":62}},"2":{"start":{"line":4,"column":23},"end":{"line":4,"column":63}},"3":{"start":{"line":6,"column":0},"end":{"line":6,"column":35}},"4":{"start":{"line":7,"column":0},"end":{"line":7,"column":47}},"5":{"start":{"line":8,"column":0},"end":{"line":8,"column":39}},"6":{"start":{"line":9,"column":0},"end":{"line":9,"column":42}},"7":{"start":{"line":10,"column":0},"end":{"line":10,"column":54}},"8":{"start":{"line":12,"column":0},"end":{"line":12,"column":24}}},"fnMap":{},"branchMap":{},"s":{"0":1,"1":1,"2":1,"3":1,"4":1,"5":1,"6":1,"7":1,"8":1},"f":{},"b":{},"_coverageSchema":"1a1c01bbd47fc00a2c39e90264f33305004495a9","hash":"8cb3a002205a5140d43730ec660bb45fef59ac68"}
,"/Users/sebavidal/Downloads/ayudantia-bcrypt-y-jwt/src/routes/userRoutes.js": {"path":"/Users/sebavidal/Downloads/ayudantia-bcrypt-y-jwt/src/routes/userRoutes.js","statementMap":{"0":{"start":{"line":1,"column":15},"end":{"line":1,"column":42}},"1":{"start":{"line":3,"column":23},"end":{"line":3,"column":63}},"2":{"start":{"line":5,"column":0},"end":{"line":5,"column":35}},"3":{"start":{"line":6,"column":0},"end":{"line":6,"column":39}},"4":{"start":{"line":7,"column":0},"end":{"line":7,"column":39}},"5":{"start":{"line":8,"column":0},"end":{"line":8,"column":42}},"6":{"start":{"line":9,"column":0},"end":{"line":9,"column":46}},"7":{"start":{"line":11,"column":0},"end":{"line":11,"column":24}}},"fnMap":{},"branchMap":{},"s":{"0":1,"1":1,"2":1,"3":1,"4":1,"5":1,"6":1,"7":1},"f":{},"b":{},"_coverageSchema":"1a1c01bbd47fc00a2c39e90264f33305004495a9","hash":"a62e6cbc182568dc69981cf191214dd41dbe64f6"}
}
