TN:
SF:server.js
FN:15,(anonymous_0)
FN:20,(anonymous_1)
FNF:2
FNH:1
FNDA:1,(anonymous_0)
FNDA:0,(anonymous_1)
DA:1,1
DA:2,1
DA:3,1
DA:5,1
DA:6,1
DA:7,1
DA:9,1
DA:11,1
DA:12,1
DA:13,1
DA:15,1
DA:16,1
DA:20,1
DA:21,0
DA:24,1
DA:25,1
DA:26,1
DA:28,1
LF:18
LH:17
BRDA:13,0,0,1
BRDA:13,0,1,0
BRF:2
BRH:1
end_of_record
TN:
SF:src/config/db.js
FNF:0
FNH:0
DA:1,1
DA:3,1
DA:10,1
LF:3
LH:3
BRF:0
BRH:0
end_of_record
TN:
SF:src/controllers/authController.js
FN:5,(anonymous_0)
FN:34,(anonymous_1)
FNF:2
FNH:1
FNDA:2,(anonymous_0)
FNDA:0,(anonymous_1)
DA:1,1
DA:2,1
DA:3,1
DA:5,1
DA:6,2
DA:7,2
DA:9,2
DA:11,2
DA:12,0
DA:15,2
DA:16,2
DA:18,2
DA:19,1
DA:23,1
DA:27,1
DA:30,1
DA:34,1
DA:35,0
DA:36,0
DA:37,0
DA:38,0
DA:40,0
DA:41,0
DA:42,0
DA:44,0
DA:46,0
DA:50,1
LF:27
LH:17
BRDA:11,0,0,0
BRDA:11,0,1,2
BRDA:18,1,0,1
BRDA:18,1,1,1
BRDA:41,2,0,0
BRDA:41,2,1,0
BRF:6
BRH:3
end_of_record
TN:
SF:src/controllers/postController.js
FN:9,(anonymous_0)
FN:18,(anonymous_1)
FN:27,(anonymous_2)
FN:36,(anonymous_3)
FN:45,(anonymous_4)
FNF:5
FNH:0
FNDA:0,(anonymous_0)
FNDA:0,(anonymous_1)
FNDA:0,(anonymous_2)
FNDA:0,(anonymous_3)
FNDA:0,(anonymous_4)
DA:7,1
DA:9,1
DA:10,0
DA:11,0
DA:12,0
DA:14,0
DA:18,1
DA:19,0
DA:20,0
DA:21,0
DA:23,0
DA:27,1
DA:28,0
DA:29,0
DA:30,0
DA:32,0
DA:36,1
DA:37,0
DA:38,0
DA:39,0
DA:41,0
DA:45,1
DA:46,0
DA:47,0
DA:48,0
DA:50,0
DA:54,1
LF:27
LH:7
BRF:0
BRH:0
end_of_record
TN:
SF:src/controllers/userController.js
FN:9,(anonymous_0)
FN:18,(anonymous_1)
FN:27,(anonymous_2)
FN:36,(anonymous_3)
FN:45,(anonymous_4)
FNF:5
FNH:0
FNDA:0,(anonymous_0)
FNDA:0,(anonymous_1)
FNDA:0,(anonymous_2)
FNDA:0,(anonymous_3)
FNDA:0,(anonymous_4)
DA:7,1
DA:9,1
DA:10,0
DA:11,0
DA:12,0
DA:14,0
DA:18,1
DA:19,0
DA:20,0
DA:21,0
DA:23,0
DA:27,1
DA:28,0
DA:29,0
DA:30,0
DA:32,0
DA:36,1
DA:37,0
DA:38,0
DA:39,0
DA:41,0
DA:45,1
DA:46,0
DA:47,0
DA:48,0
DA:50,0
DA:54,1
LF:27
LH:7
BRF:0
BRH:0
end_of_record
TN:
SF:src/middlewares/isAuth.middleware.js
FN:3,(anonymous_0)
FNF:1
FNH:0
FNDA:0,(anonymous_0)
DA:1,1
DA:3,1
DA:4,0
DA:5,0
DA:6,0
DA:8,0
DA:9,0
DA:11,0
DA:12,0
DA:15,0
DA:16,0
DA:18,0
DA:22,1
LF:13
LH:3
BRDA:5,0,0,0
BRDA:5,0,1,0
BRDA:11,1,0,0
BRDA:11,1,1,0
BRF:4
BRH:0
end_of_record
TN:
SF:src/models/posts.js
FN:3,(anonymous_0)
FN:13,(anonymous_1)
FN:23,(anonymous_2)
FN:39,(anonymous_3)
FN:51,(anonymous_4)
FNF:5
FNH:0
FNDA:0,(anonymous_0)
FNDA:0,(anonymous_1)
FNDA:0,(anonymous_2)
FNDA:0,(anonymous_3)
FNDA:0,(anonymous_4)
DA:1,1
DA:3,1
DA:4,0
DA:5,0
DA:6,0
DA:7,0
DA:9,0
DA:13,1
DA:14,0
DA:15,0
DA:16,0
DA:17,0
DA:19,0
DA:23,1
DA:25,0
DA:27,0
DA:28,0
DA:33,0
DA:35,0
DA:39,1
DA:41,0
DA:43,0
DA:44,0
DA:45,0
DA:47,0
DA:51,1
DA:52,0
DA:54,0
DA:55,0
DA:56,0
DA:58,0
DA:62,1
LF:32
LH:7
BRF:0
BRH:0
end_of_record
TN:
SF:src/models/users.js
FN:3,(anonymous_0)
FN:13,(anonymous_1)
FN:23,(anonymous_2)
FN:34,(anonymous_3)
FN:45,(anonymous_4)
FN:55,(anonymous_5)
FNF:6
FNH:1
FNDA:0,(anonymous_0)
FNDA:0,(anonymous_1)
FNDA:0,(anonymous_2)
FNDA:0,(anonymous_3)
FNDA:0,(anonymous_4)
FNDA:2,(anonymous_5)
DA:1,1
DA:3,1
DA:4,0
DA:5,0
DA:6,0
DA:7,0
DA:9,0
DA:13,1
DA:14,0
DA:15,0
DA:16,0
DA:17,0
DA:19,0
DA:23,1
DA:25,0
DA:26,0
DA:27,0
DA:28,0
DA:30,0
DA:34,1
DA:36,0
DA:37,0
DA:38,0
DA:39,0
DA:41,0
DA:45,1
DA:46,0
DA:47,0
DA:48,0
DA:49,0
DA:51,0
DA:55,1
DA:56,2
DA:57,2
DA:58,2
DA:59,2
DA:61,0
DA:65,1
LF:38
LH:12
BRF:0
BRH:0
end_of_record
TN:
SF:src/routes/authRoutes.js
FNF:0
FNH:0
DA:1,1
DA:2,1
DA:4,1
DA:5,1
DA:7,1
LF:5
LH:5
BRF:0
BRH:0
end_of_record
TN:
SF:src/routes/postRoutes.js
FNF:0
FNH:0
DA:1,1
DA:2,1
DA:4,1
DA:6,1
DA:7,1
DA:8,1
DA:9,1
DA:10,1
DA:12,1
LF:9
LH:9
BRF:0
BRH:0
end_of_record
TN:
SF:src/routes/userRoutes.js
FNF:0
FNH:0
DA:1,1
DA:3,1
DA:5,1
DA:6,1
DA:7,1
DA:8,1
DA:9,1
DA:11,1
LF:8
LH:8
BRF:0
BRH:0
end_of_record
